23:20:17.964 [main] INFO  com.epiq.Gestiondestock - Starting Gestiondestock on PC-Marwa with PID 8240 (D:\workspace\GestionStock\target\classes started by Manel in D:\workspace\GestionStock)
23:20:17.966 [main] INFO  com.epiq.Gestiondestock - No active profile set, falling back to default profiles: default
23:20:18.087 [main] INFO  o.s.b.c.e.AnnotationConfigEmbeddedWebApplicationContext - Refreshing org.springframework.boot.context.embedded.AnnotationConfigEmbeddedWebApplicationContext@3c9754d8: startup date [Wed Aug 31 23:20:18 CEST 2016]; root of context hierarchy
23:20:18.507 [background-preinit] INFO  o.h.validator.internal.util.Version - HV000001: Hibernate Validator 5.2.4.Final
23:20:21.091 [main] INFO  o.s.c.s.PostProcessorRegistrationDelegate$BeanPostProcessorChecker - Bean 'org.springframework.transaction.annotation.ProxyTransactionManagementConfiguration' of type [class org.springframework.transaction.annotation.ProxyTransactionManagementConfiguration$$EnhancerBySpringCGLIB$$4765af9b] is not eligible for getting processed by all BeanPostProcessors (for example: not eligible for auto-proxying)
23:20:21.914 [main] INFO  o.s.b.c.e.t.TomcatEmbeddedServletContainer - Tomcat initialized with port(s): 8080 (http)
23:20:21.936 [main] INFO  o.a.catalina.core.StandardService - Starting service Tomcat
23:20:21.938 [main] INFO  o.a.catalina.core.StandardEngine - Starting Servlet Engine: Apache Tomcat/8.5.4
23:20:22.183 [localhost-startStop-1] INFO  o.a.c.c.C.[Tomcat].[localhost].[/] - Initializing Spring embedded WebApplicationContext
23:20:22.184 [localhost-startStop-1] INFO  o.s.web.context.ContextLoader - Root WebApplicationContext: initialization completed in 4127 ms
23:20:23.205 [localhost-startStop-1] WARN  c.n.c.sources.URLConfigurationSource - No URLs will be polled as dynamic configuration sources.
23:20:23.205 [localhost-startStop-1] INFO  c.n.c.sources.URLConfigurationSource - To enable URLs as dynamic configuration sources, define System property archaius.configurationSource.additionalUrls or make config.properties available on classpath.
23:20:23.217 [localhost-startStop-1] INFO  c.n.config.DynamicPropertyFactory - DynamicPropertyFactory is initialized with configuration sources: com.netflix.config.ConcurrentCompositeConfiguration@6dcf8062
23:20:23.489 [localhost-startStop-1] INFO  o.s.b.w.s.ServletRegistrationBean - Mapping servlet: 'dispatcherServlet' to [/]
23:20:23.491 [localhost-startStop-1] INFO  o.s.b.w.s.ServletRegistrationBean - Mapping servlet: 'zuulServlet' to [/zuul/*]
23:20:23.496 [localhost-startStop-1] INFO  o.s.b.w.s.FilterRegistrationBean - Mapping filter: 'metricFilter' to: [/*]
23:20:23.496 [localhost-startStop-1] INFO  o.s.b.w.s.FilterRegistrationBean - Mapping filter: 'characterEncodingFilter' to: [/*]
23:20:23.497 [localhost-startStop-1] INFO  o.s.b.w.s.FilterRegistrationBean - Mapping filter: 'hiddenHttpMethodFilter' to: [/*]
23:20:23.497 [localhost-startStop-1] INFO  o.s.b.w.s.FilterRegistrationBean - Mapping filter: 'httpPutFormContentFilter' to: [/*]
23:20:23.497 [localhost-startStop-1] INFO  o.s.b.w.s.FilterRegistrationBean - Mapping filter: 'requestContextFilter' to: [/*]
23:20:23.497 [localhost-startStop-1] INFO  o.s.b.w.s.FilterRegistrationBean - Mapping filter: 'webRequestLoggingFilter' to: [/*]
23:20:23.497 [localhost-startStop-1] INFO  o.s.b.w.s.FilterRegistrationBean - Mapping filter: 'applicationContextIdFilter' to: [/*]
23:20:23.518 [localhost-startStop-1] INFO  o.s.c.n.zuul.ZuulFilterInitializer - Starting filter initializer context listener
23:20:23.882 [main] INFO  o.s.o.j.LocalContainerEntityManagerFactoryBean - Building JPA container EntityManagerFactory for persistence unit 'default'
23:20:23.914 [main] INFO  o.h.jpa.internal.util.LogHelper - HHH000204: Processing PersistenceUnitInfo [
	name: default
	...]
23:20:24.222 [main] INFO  org.hibernate.Version - HHH000412: Hibernate Core {5.0.9.Final}
23:20:24.224 [main] INFO  org.hibernate.cfg.Environment - HHH000206: hibernate.properties not found
23:20:24.226 [main] INFO  org.hibernate.cfg.Environment - HHH000021: Bytecode provider name : javassist
23:20:24.296 [main] INFO  o.h.annotations.common.Version - HCANN000001: Hibernate Commons Annotations {5.0.1.Final}
23:20:24.904 [main] INFO  org.hibernate.dialect.Dialect - HHH000400: Using dialect: org.hibernate.dialect.MySQL5Dialect
23:20:25.594 [main] INFO  o.h.tool.hbm2ddl.SchemaUpdate - HHH000228: Running hbm2ddl schema update
23:20:26.321 [main] INFO  o.s.o.j.LocalContainerEntityManagerFactoryBean - Initialized JPA EntityManagerFactory for persistence unit 'default'
23:20:26.907 [main] INFO  o.a.c.c.C.[Tomcat].[localhost].[/] - jolokia: No access restrictor found, access to any MBean is allowed
23:20:27.238 [main] INFO  o.s.w.s.m.m.a.RequestMappingHandlerAdapter - Looking for @ControllerAdvice: org.springframework.boot.context.embedded.AnnotationConfigEmbeddedWebApplicationContext@3c9754d8: startup date [Wed Aug 31 23:20:18 CEST 2016]; root of context hierarchy
23:20:27.407 [main] INFO  o.s.w.s.m.m.a.RequestMappingHandlerMapping - Mapped "{[/clients],methods=[POST],consumes=[application/json],produces=[application/json]}" onto public com.epiq.persistence.entities.Client com.epiq.controllers.ClientController.add(com.epiq.persistence.entities.Client)
23:20:27.408 [main] INFO  o.s.w.s.m.m.a.RequestMappingHandlerMapping - Mapped "{[/clients/{id}],methods=[PUT],consumes=[application/json],produces=[application/json]}" onto public com.epiq.persistence.entities.Client com.epiq.controllers.ClientController.update(com.epiq.persistence.entities.Client,long)
23:20:27.409 [main] INFO  o.s.w.s.m.m.a.RequestMappingHandlerMapping - Mapped "{[/clients/{id}],methods=[DELETE],consumes=[application/json],produces=[application/json]}" onto public void com.epiq.controllers.ClientController.delete(long)
23:20:27.409 [main] INFO  o.s.w.s.m.m.a.RequestMappingHandlerMapping - Mapped "{[/clients],methods=[GET],consumes=[application/json],produces=[application/json]}" onto public java.util.List<com.epiq.persistence.entities.Client> com.epiq.controllers.ClientController.listClient()
23:20:27.409 [main] INFO  o.s.w.s.m.m.a.RequestMappingHandlerMapping - Mapped "{[/clients/{id}],methods=[GET],consumes=[application/json],produces=[application/json]}" onto public com.epiq.persistence.entities.Client com.epiq.controllers.ClientController.getClient(long)
23:20:27.411 [main] INFO  o.s.w.s.m.m.a.RequestMappingHandlerMapping - Mapped "{[/devis],methods=[POST],consumes=[application/json],produces=[application/json]}" onto public com.epiq.persistence.entities.Devis com.epiq.controllers.DevisController.add(com.epiq.persistence.entities.Devis)
23:20:27.411 [main] INFO  o.s.w.s.m.m.a.RequestMappingHandlerMapping - Mapped "{[/devis/{id}],methods=[PUT],consumes=[application/json],produces=[application/json]}" onto public com.epiq.persistence.entities.Devis com.epiq.controllers.DevisController.update(com.epiq.persistence.entities.Devis,long)
23:20:27.412 [main] INFO  o.s.w.s.m.m.a.RequestMappingHandlerMapping - Mapped "{[/devis/{id}],methods=[DELETE],consumes=[application/json],produces=[application/json]}" onto public void com.epiq.controllers.DevisController.delete(long)
23:20:27.412 [main] INFO  o.s.w.s.m.m.a.RequestMappingHandlerMapping - Mapped "{[/devis/{id}],methods=[GET],consumes=[application/json],produces=[application/json]}" onto public com.epiq.persistence.entities.Devis com.epiq.controllers.DevisController.getDevis(long)
23:20:27.412 [main] INFO  o.s.w.s.m.m.a.RequestMappingHandlerMapping - Mapped "{[/devis],methods=[GET],consumes=[application/json],produces=[application/json]}" onto public java.util.List<com.epiq.persistence.entities.Devis> com.epiq.controllers.DevisController.listDevis()
23:20:27.414 [main] INFO  o.s.w.s.m.m.a.RequestMappingHandlerMapping - Mapped "{[/fournisseurs],methods=[POST],consumes=[application/json],produces=[application/json]}" onto public com.epiq.persistence.entities.Fournisseur com.epiq.controllers.FournisseurController.add(com.epiq.persistence.entities.Fournisseur)
23:20:27.414 [main] INFO  o.s.w.s.m.m.a.RequestMappingHandlerMapping - Mapped "{[/fournisseurs/{id}],methods=[PUT],consumes=[application/json],produces=[application/json]}" onto public com.epiq.persistence.entities.Fournisseur com.epiq.controllers.FournisseurController.update(com.epiq.persistence.entities.Fournisseur,long)
23:20:27.415 [main] INFO  o.s.w.s.m.m.a.RequestMappingHandlerMapping - Mapped "{[/fournisseurs/{id}],methods=[DELETE],consumes=[application/json],produces=[application/json]}" onto public void com.epiq.controllers.FournisseurController.delete(long)
23:20:27.415 [main] INFO  o.s.w.s.m.m.a.RequestMappingHandlerMapping - Mapped "{[/fournisseurs],methods=[GET],consumes=[application/json],produces=[application/json]}" onto public java.util.List<com.epiq.persistence.entities.Fournisseur> com.epiq.controllers.FournisseurController.listFournisseur()
23:20:27.415 [main] INFO  o.s.w.s.m.m.a.RequestMappingHandlerMapping - Mapped "{[/fournisseurs/{id}],methods=[GET],consumes=[application/json],produces=[application/json]}" onto public com.epiq.persistence.entities.Fournisseur com.epiq.controllers.FournisseurController.getFournisseur(long)
23:20:27.419 [main] INFO  o.s.w.s.m.m.a.RequestMappingHandlerMapping - Mapped "{[/gestionnaires],methods=[POST],consumes=[application/json],produces=[application/json]}" onto public com.epiq.persistence.entities.Gestionnaire com.epiq.controllers.GestionnaireController.add(com.epiq.persistence.entities.Gestionnaire)
23:20:27.419 [main] INFO  o.s.w.s.m.m.a.RequestMappingHandlerMapping - Mapped "{[/gestionnaires/{id}],methods=[PUT],consumes=[application/json],produces=[application/json]}" onto public com.epiq.persistence.entities.Gestionnaire com.epiq.controllers.GestionnaireController.update(com.epiq.persistence.entities.Gestionnaire,long)
23:20:27.420 [main] INFO  o.s.w.s.m.m.a.RequestMappingHandlerMapping - Mapped "{[/gestionnaires/{id}],methods=[DELETE],consumes=[application/json],produces=[application/json]}" onto public void com.epiq.controllers.GestionnaireController.delete(long)
23:20:27.420 [main] INFO  o.s.w.s.m.m.a.RequestMappingHandlerMapping - Mapped "{[/gestionnaires],methods=[GET],consumes=[application/json],produces=[application/json]}" onto public java.util.List<com.epiq.persistence.entities.Gestionnaire> com.epiq.controllers.GestionnaireController.listGestionnaire()
23:20:27.420 [main] INFO  o.s.w.s.m.m.a.RequestMappingHandlerMapping - Mapped "{[/gestionnaires/{id}],methods=[GET],consumes=[application/json],produces=[application/json]}" onto public com.epiq.persistence.entities.Gestionnaire com.epiq.controllers.GestionnaireController.getGestionnaire(long)
23:20:27.422 [main] INFO  o.s.w.s.m.m.a.RequestMappingHandlerMapping - Mapped "{[/products],methods=[POST],consumes=[application/json],produces=[application/json]}" onto public com.epiq.persistence.entities.Product com.epiq.controllers.ProductController.add(com.epiq.persistence.entities.Product)
23:20:27.422 [main] INFO  o.s.w.s.m.m.a.RequestMappingHandlerMapping - Mapped "{[/products/{id}],methods=[PUT],consumes=[application/json],produces=[application/json]}" onto public com.epiq.persistence.entities.Product com.epiq.controllers.ProductController.update(com.epiq.persistence.entities.Product,long)
23:20:27.423 [main] INFO  o.s.w.s.m.m.a.RequestMappingHandlerMapping - Mapped "{[/products/{id}],methods=[DELETE],consumes=[application/json],produces=[application/json]}" onto public void com.epiq.controllers.ProductController.delete(long)
23:20:27.423 [main] INFO  o.s.w.s.m.m.a.RequestMappingHandlerMapping - Mapped "{[/products],methods=[GET],consumes=[application/json],produces=[application/json]}" onto public java.util.List<com.epiq.persistence.entities.Product> com.epiq.controllers.ProductController.listProduct()
23:20:27.423 [main] INFO  o.s.w.s.m.m.a.RequestMappingHandlerMapping - Mapped "{[/products/{id}],methods=[GET],consumes=[application/json],produces=[application/json]}" onto public com.epiq.persistence.entities.Product com.epiq.controllers.ProductController.getProduct(long)
23:20:27.426 [main] INFO  o.s.w.s.m.m.a.RequestMappingHandlerMapping - Mapped "{[/error]}" onto public org.springframework.http.ResponseEntity<java.util.Map<java.lang.String, java.lang.Object>> org.springframework.boot.autoconfigure.web.BasicErrorController.error(javax.servlet.http.HttpServletRequest)
23:20:27.426 [main] INFO  o.s.w.s.m.m.a.RequestMappingHandlerMapping - Mapped "{[/error],produces=[text/html]}" onto public org.springframework.web.servlet.ModelAndView org.springframework.boot.autoconfigure.web.BasicErrorController.errorHtml(javax.servlet.http.HttpServletRequest,javax.servlet.http.HttpServletResponse)
23:20:27.439 [main] INFO  o.s.w.s.c.a.WebMvcConfigurerAdapter - Adding welcome page: class path resource [static/index.html]
23:20:27.471 [main] INFO  o.s.w.s.h.SimpleUrlHandlerMapping - Root mapping to handler of type [class org.springframework.web.servlet.mvc.ParameterizableViewController]
23:20:27.509 [main] WARN  o.s.w.s.r.ResourceHttpRequestHandler - Locations list is empty. No resources will be served unless a custom ResourceResolver is configured as an alternative to PathResourceResolver.
23:20:27.513 [main] WARN  o.s.w.s.r.ResourceHttpRequestHandler - Locations list is empty. No resources will be served unless a custom ResourceResolver is configured as an alternative to PathResourceResolver.
23:20:27.515 [main] INFO  o.s.w.s.h.SimpleUrlHandlerMapping - Mapped URL path [/webjars/**] onto handler of type [class org.springframework.web.servlet.resource.ResourceHttpRequestHandler]
23:20:27.515 [main] INFO  o.s.w.s.h.SimpleUrlHandlerMapping - Mapped URL path [/**] onto handler of type [class org.springframework.web.servlet.resource.ResourceHttpRequestHandler]
23:20:27.515 [main] INFO  o.s.w.s.h.SimpleUrlHandlerMapping - Mapped URL path [/all-modules.css] onto handler of type [class org.springframework.web.servlet.resource.ResourceHttpRequestHandler]
23:20:27.515 [main] INFO  o.s.w.s.h.SimpleUrlHandlerMapping - Mapped URL path [/all-modules.js] onto handler of type [class org.springframework.web.servlet.resource.ResourceHttpRequestHandler]
23:20:27.596 [main] INFO  o.s.w.s.h.SimpleUrlHandlerMapping - Mapped URL path [/**/favicon.ico] onto handler of type [class org.springframework.web.servlet.resource.ResourceHttpRequestHandler]
23:20:28.393 [main] INFO  o.s.b.a.e.mvc.EndpointHandlerMapping - Mapped "{[/configprops || /configprops.json],methods=[GET],produces=[application/json]}" onto public java.lang.Object org.springframework.boot.actuate.endpoint.mvc.EndpointMvcAdapter.invoke()
23:20:28.394 [main] INFO  o.s.b.a.e.mvc.EndpointHandlerMapping - Mapped "{[/jolokia/**]}" onto public org.springframework.web.servlet.ModelAndView org.springframework.boot.actuate.endpoint.mvc.JolokiaMvcEndpoint.handle(javax.servlet.http.HttpServletRequest,javax.servlet.http.HttpServletResponse) throws java.lang.Exception
23:20:28.396 [main] INFO  o.s.b.a.e.mvc.EndpointHandlerMapping - Mapped "{[/env/{name:.*}],methods=[GET],produces=[application/json]}" onto public java.lang.Object org.springframework.boot.actuate.endpoint.mvc.EnvironmentMvcEndpoint.value(java.lang.String)
23:20:28.396 [main] INFO  o.s.b.a.e.mvc.EndpointHandlerMapping - Mapped "{[/env || /env.json],methods=[GET],produces=[application/json]}" onto public java.lang.Object org.springframework.boot.actuate.endpoint.mvc.EndpointMvcAdapter.invoke()
23:20:28.397 [main] INFO  o.s.b.a.e.mvc.EndpointHandlerMapping - Mapped "{[/routes || /routes.json],methods=[POST]}" onto public java.util.Map<java.lang.String, java.lang.String> org.springframework.cloud.netflix.zuul.RoutesEndpoint.reset()
23:20:28.397 [main] INFO  o.s.b.a.e.mvc.EndpointHandlerMapping - Mapped "{[/routes || /routes.json],methods=[GET]}" onto public java.util.Map<java.lang.String, java.lang.String> org.springframework.cloud.netflix.zuul.RoutesEndpoint.getRoutes()
23:20:28.398 [main] INFO  o.s.b.a.e.mvc.EndpointHandlerMapping - Mapped "{[/health || /health.json],produces=[application/json]}" onto public java.lang.Object org.springframework.boot.actuate.endpoint.mvc.HealthMvcEndpoint.invoke(java.security.Principal)
23:20:28.399 [main] INFO  o.s.b.a.e.mvc.EndpointHandlerMapping - Mapped "{[/metrics/{name:.*}],methods=[GET],produces=[application/json]}" onto public java.lang.Object org.springframework.boot.actuate.endpoint.mvc.MetricsMvcEndpoint.value(java.lang.String)
23:20:28.400 [main] INFO  o.s.b.a.e.mvc.EndpointHandlerMapping - Mapped "{[/metrics || /metrics.json],methods=[GET],produces=[application/json]}" onto public java.lang.Object org.springframework.boot.actuate.endpoint.mvc.EndpointMvcAdapter.invoke()
23:20:28.401 [main] INFO  o.s.b.a.e.mvc.EndpointHandlerMapping - Mapped "{[/heapdump || /heapdump.json],methods=[GET],produces=[application/octet-stream]}" onto public void org.springframework.boot.actuate.endpoint.mvc.HeapdumpMvcEndpoint.invoke(boolean,javax.servlet.http.HttpServletRequest,javax.servlet.http.HttpServletResponse) throws java.io.IOException,javax.servlet.ServletException
23:20:28.402 [main] INFO  o.s.b.a.e.mvc.EndpointHandlerMapping - Mapped "{[/beans || /beans.json],methods=[GET],produces=[application/json]}" onto public java.lang.Object org.springframework.boot.actuate.endpoint.mvc.EndpointMvcAdapter.invoke()
23:20:28.403 [main] INFO  o.s.b.a.e.mvc.EndpointHandlerMapping - Mapped "{[/archaius || /archaius.json],methods=[GET],produces=[application/json]}" onto public java.lang.Object org.springframework.boot.actuate.endpoint.mvc.EndpointMvcAdapter.invoke()
23:20:28.404 [main] INFO  o.s.b.a.e.mvc.EndpointHandlerMapping - Mapped "{[/logfile || /logfile.json],methods=[GET || HEAD]}" onto public void org.springframework.boot.actuate.endpoint.mvc.LogFileMvcEndpoint.invoke(javax.servlet.http.HttpServletRequest,javax.servlet.http.HttpServletResponse) throws javax.servlet.ServletException,java.io.IOException
23:20:28.407 [main] INFO  o.s.b.a.e.mvc.EndpointHandlerMapping - Mapped "{[/info || /info.json],methods=[GET],produces=[application/json]}" onto public java.lang.Object org.springframework.boot.actuate.endpoint.mvc.EndpointMvcAdapter.invoke()
23:20:28.411 [main] INFO  o.s.b.a.e.mvc.EndpointHandlerMapping - Mapped "{[/trace || /trace.json],methods=[GET],produces=[application/json]}" onto public java.lang.Object org.springframework.boot.actuate.endpoint.mvc.EndpointMvcAdapter.invoke()
23:20:28.413 [main] INFO  o.s.b.a.e.mvc.EndpointHandlerMapping - Mapped "{[/mappings || /mappings.json],methods=[GET],produces=[application/json]}" onto public java.lang.Object org.springframework.boot.actuate.endpoint.mvc.EndpointMvcAdapter.invoke()
23:20:28.413 [main] INFO  o.s.b.a.e.mvc.EndpointHandlerMapping - Mapped "{[/dump || /dump.json],methods=[GET],produces=[application/json]}" onto public java.lang.Object org.springframework.boot.actuate.endpoint.mvc.EndpointMvcAdapter.invoke()
23:20:28.414 [main] INFO  o.s.b.a.e.mvc.EndpointHandlerMapping - Mapped "{[/autoconfig || /autoconfig.json],methods=[GET],produces=[application/json]}" onto public java.lang.Object org.springframework.boot.actuate.endpoint.mvc.EndpointMvcAdapter.invoke()
23:20:28.584 [main] WARN  o.s.c.n.a.ArchaiusAutoConfiguration - No spring.application.name found, defaulting to 'application'
23:20:28.585 [main] WARN  c.n.c.sources.URLConfigurationSource - No URLs will be polled as dynamic configuration sources.
23:20:28.585 [main] INFO  c.n.c.sources.URLConfigurationSource - To enable URLs as dynamic configuration sources, define System property archaius.configurationSource.additionalUrls or make config.properties available on classpath.
23:20:28.707 [main] INFO  d.c.b.admin.web.PrefixHandlerMapping - Mapped "{[/api/applications/{id}],methods=[GET]}" onto public org.springframework.http.ResponseEntity<?> de.codecentric.boot.admin.registry.web.RegistryController.get(java.lang.String)
23:20:28.707 [main] INFO  d.c.b.admin.web.PrefixHandlerMapping - Mapped "{[/api/applications],methods=[POST]}" onto public org.springframework.http.ResponseEntity<de.codecentric.boot.admin.model.Application> de.codecentric.boot.admin.registry.web.RegistryController.register(de.codecentric.boot.admin.model.Application)
23:20:28.708 [main] INFO  d.c.b.admin.web.PrefixHandlerMapping - Mapped "{[/api/applications/{id}],methods=[DELETE]}" onto public org.springframework.http.ResponseEntity<?> de.codecentric.boot.admin.registry.web.RegistryController.unregister(java.lang.String)
23:20:28.712 [main] INFO  d.c.b.admin.web.PrefixHandlerMapping - Mapped "{[/api/applications],methods=[GET]}" onto public java.util.Collection<de.codecentric.boot.admin.model.Application> de.codecentric.boot.admin.registry.web.RegistryController.applications(java.lang.String)
23:20:28.715 [main] INFO  d.c.b.admin.web.PrefixHandlerMapping - Mapped "{[/api/journal],produces=[application/json]}" onto public java.util.Collection<de.codecentric.boot.admin.event.ClientApplicationEvent> de.codecentric.boot.admin.journal.web.JournalController.getJournal()
23:20:28.715 [main] INFO  d.c.b.admin.web.PrefixHandlerMapping - Mapped "{[/api/journal],produces=[text/event-stream]}" onto public org.springframework.web.servlet.mvc.method.annotation.SseEmitter de.codecentric.boot.admin.journal.web.JournalController.getJournalEvents()
23:20:28.988 [main] INFO  o.s.j.e.a.AnnotationMBeanExporter - Registering beans for JMX exposure on startup
23:20:29.056 [main] INFO  o.s.j.e.a.AnnotationMBeanExporter - Bean with name 'zuulEndpoint' has been autodetected for JMX exposure
23:20:29.060 [main] INFO  o.s.j.e.a.AnnotationMBeanExporter - Located managed bean 'zuulEndpoint': registering with JMX server as MBean [org.springframework.cloud.netflix.zuul:name=zuulEndpoint,type=RoutesEndpoint]
23:20:29.087 [main] INFO  o.s.b.a.e.jmx.EndpointMBeanExporter - Registering beans for JMX exposure on startup
23:20:29.097 [main] INFO  o.s.c.s.DefaultLifecycleProcessor - Starting beans in phase 0
23:20:29.111 [main] INFO  o.s.b.a.e.jmx.EndpointMBeanExporter - Located managed bean 'requestMappingEndpoint': registering with JMX server as MBean [org.springframework.boot:type=Endpoint,name=requestMappingEndpoint]
23:20:29.144 [main] INFO  o.s.b.a.e.jmx.EndpointMBeanExporter - Located managed bean 'environmentEndpoint': registering with JMX server as MBean [org.springframework.boot:type=Endpoint,name=environmentEndpoint]
23:20:29.161 [main] INFO  o.s.b.a.e.jmx.EndpointMBeanExporter - Located managed bean 'healthEndpoint': registering with JMX server as MBean [org.springframework.boot:type=Endpoint,name=healthEndpoint]
23:20:29.167 [main] INFO  o.s.b.a.e.jmx.EndpointMBeanExporter - Located managed bean 'beansEndpoint': registering with JMX server as MBean [org.springframework.boot:type=Endpoint,name=beansEndpoint]
23:20:29.172 [main] INFO  o.s.b.a.e.jmx.EndpointMBeanExporter - Located managed bean 'infoEndpoint': registering with JMX server as MBean [org.springframework.boot:type=Endpoint,name=infoEndpoint]
23:20:29.177 [main] INFO  o.s.b.a.e.jmx.EndpointMBeanExporter - Located managed bean 'metricsEndpoint': registering with JMX server as MBean [org.springframework.boot:type=Endpoint,name=metricsEndpoint]
23:20:29.185 [main] INFO  o.s.b.a.e.jmx.EndpointMBeanExporter - Located managed bean 'traceEndpoint': registering with JMX server as MBean [org.springframework.boot:type=Endpoint,name=traceEndpoint]
23:20:29.188 [main] INFO  o.s.b.a.e.jmx.EndpointMBeanExporter - Located managed bean 'dumpEndpoint': registering with JMX server as MBean [org.springframework.boot:type=Endpoint,name=dumpEndpoint]
23:20:29.192 [main] INFO  o.s.b.a.e.jmx.EndpointMBeanExporter - Located managed bean 'autoConfigurationReportEndpoint': registering with JMX server as MBean [org.springframework.boot:type=Endpoint,name=autoConfigurationReportEndpoint]
23:20:29.197 [main] INFO  o.s.b.a.e.jmx.EndpointMBeanExporter - Located managed bean 'configurationPropertiesReportEndpoint': registering with JMX server as MBean [org.springframework.boot:type=Endpoint,name=configurationPropertiesReportEndpoint]
23:20:29.201 [main] INFO  o.s.b.a.e.jmx.EndpointMBeanExporter - Located managed bean 'archaiusEndpoint': registering with JMX server as MBean [org.springframework.boot:type=Endpoint,name=archaiusEndpoint]
23:20:29.233 [main] INFO  o.a.coyote.http11.Http11NioProtocol - Initializing ProtocolHandler ["http-nio-8080"]
23:20:29.256 [main] INFO  o.a.coyote.http11.Http11NioProtocol - Starting ProtocolHandler [http-nio-8080]
23:20:29.288 [main] INFO  o.a.tomcat.util.net.NioSelectorPool - Using a shared selector for servlet write/read
23:20:29.320 [main] INFO  o.s.b.c.e.t.TomcatEmbeddedServletContainer - Tomcat started on port(s): 8080 (http)
23:20:29.341 [main] INFO  com.epiq.Gestiondestock - Started Gestiondestock in 12.11 seconds (JVM running for 13.452)
23:20:29.341 [main] INFO  com.epiq.Gestiondestock - gestion de stock start
23:20:29.416 [http-nio-8080-exec-1] INFO  o.a.c.c.C.[Tomcat].[localhost].[/] - Initializing Spring FrameworkServlet 'dispatcherServlet'
23:20:29.416 [http-nio-8080-exec-1] INFO  o.s.web.servlet.DispatcherServlet - FrameworkServlet 'dispatcherServlet': initialization started
23:20:29.463 [http-nio-8080-exec-1] INFO  o.s.web.servlet.DispatcherServlet - FrameworkServlet 'dispatcherServlet': initialization completed in 47 ms
23:20:29.509 [http-nio-8080-exec-1] WARN  o.s.c.n.zuul.web.ZuulHandlerMapping - No routes found from RouteLocator
23:20:29.653 [http-nio-8080-exec-2] INFO  d.c.b.a.registry.ApplicationRegistry - New Application Application [id=6e27b2bb, name=spring-boot-application, managementUrl=http://PC-Marwa.home:8080, healthUrl=http://PC-Marwa.home:8080/health, serviceUrl=http://PC-Marwa.home:8080] registered 
23:20:29.816 [pool-2-thread-1] INFO  d.c.b.a.s.ApplicationRegistrator - Application registered itself as {managementUrl=http://PC-Marwa.home:8080, healthUrl=http://PC-Marwa.home:8080/health, serviceUrl=http://PC-Marwa.home:8080, name=spring-boot-application, id=6e27b2bb, statusInfo={status=UNKNOWN, timestamp=1472678429653}}
23:20:39.348 [http-nio-8080-exec-4] INFO  o.s.c.n.zuul.web.ZuulHandlerMapping - Mapped URL path [/api/applications/6e27b2bb/health/**] onto handler of type [class de.codecentric.boot.admin.zuul.OptionsDispatchingZuulController]
23:20:39.348 [http-nio-8080-exec-4] INFO  o.s.c.n.zuul.web.ZuulHandlerMapping - Mapped URL path [/api/applications/6e27b2bb/env/**] onto handler of type [class de.codecentric.boot.admin.zuul.OptionsDispatchingZuulController]
23:20:39.348 [http-nio-8080-exec-4] INFO  o.s.c.n.zuul.web.ZuulHandlerMapping - Mapped URL path [/api/applications/6e27b2bb/metrics/**] onto handler of type [class de.codecentric.boot.admin.zuul.OptionsDispatchingZuulController]
23:20:39.348 [http-nio-8080-exec-4] INFO  o.s.c.n.zuul.web.ZuulHandlerMapping - Mapped URL path [/api/applications/6e27b2bb/trace/**] onto handler of type [class de.codecentric.boot.admin.zuul.OptionsDispatchingZuulController]
23:20:39.348 [http-nio-8080-exec-4] INFO  o.s.c.n.zuul.web.ZuulHandlerMapping - Mapped URL path [/api/applications/6e27b2bb/dump/**] onto handler of type [class de.codecentric.boot.admin.zuul.OptionsDispatchingZuulController]
23:20:39.348 [http-nio-8080-exec-4] INFO  o.s.c.n.zuul.web.ZuulHandlerMapping - Mapped URL path [/api/applications/6e27b2bb/jolokia/**] onto handler of type [class de.codecentric.boot.admin.zuul.OptionsDispatchingZuulController]
23:20:39.348 [http-nio-8080-exec-4] INFO  o.s.c.n.zuul.web.ZuulHandlerMapping - Mapped URL path [/api/applications/6e27b2bb/info/**] onto handler of type [class de.codecentric.boot.admin.zuul.OptionsDispatchingZuulController]
23:20:39.348 [http-nio-8080-exec-4] INFO  o.s.c.n.zuul.web.ZuulHandlerMapping - Mapped URL path [/api/applications/6e27b2bb/activiti/**] onto handler of type [class de.codecentric.boot.admin.zuul.OptionsDispatchingZuulController]
23:20:39.348 [http-nio-8080-exec-4] INFO  o.s.c.n.zuul.web.ZuulHandlerMapping - Mapped URL path [/api/applications/6e27b2bb/logfile/**] onto handler of type [class de.codecentric.boot.admin.zuul.OptionsDispatchingZuulController]
23:20:39.348 [http-nio-8080-exec-4] INFO  o.s.c.n.zuul.web.ZuulHandlerMapping - Mapped URL path [/api/applications/6e27b2bb/refresh/**] onto handler of type [class de.codecentric.boot.admin.zuul.OptionsDispatchingZuulController]
23:20:39.348 [http-nio-8080-exec-4] INFO  o.s.c.n.zuul.web.ZuulHandlerMapping - Mapped URL path [/api/applications/6e27b2bb/flyway/**] onto handler of type [class de.codecentric.boot.admin.zuul.OptionsDispatchingZuulController]
23:20:39.348 [http-nio-8080-exec-4] INFO  o.s.c.n.zuul.web.ZuulHandlerMapping - Mapped URL path [/api/applications/6e27b2bb/liquibase/**] onto handler of type [class de.codecentric.boot.admin.zuul.OptionsDispatchingZuulController]
23:20:39.349 [http-nio-8080-exec-4] INFO  o.s.c.n.zuul.web.ZuulHandlerMapping - Mapped URL path [/api/applications/6e27b2bb/heapdump/**] onto handler of type [class de.codecentric.boot.admin.zuul.OptionsDispatchingZuulController]
23:26:44.070 [http-nio-8080-exec-1] WARN  o.s.w.s.r.ResourceHttpRequestHandler - Locations list is empty. No resources will be served unless a custom ResourceResolver is configured as an alternative to PathResourceResolver.
